C51 COMPILER V9.60.7.0   EEPROM                                                            09/18/2024 12:40:49 PAGE 1   


C51 COMPILER V9.60.7.0, COMPILATION OF MODULE EEPROM
OBJECT MODULE PLACED IN .\Objects\eeprom.obj
COMPILER INVOKED BY: C:\Keil_v5\C51\BIN\C51.EXE eeprom.c OPTIMIZE(8,SPEED) BROWSE DEBUG OBJECTEXTEND PRINT(.\Listings\ee
                    -prom.lst) TABS(2) OBJECT(.\Objects\eeprom.obj)

line level    source

   1          #include "eeprom.h"
   2          #include "i2c.h" // Include your I2C library or driver
*** WARNING C318 IN LINE 2 OF eeprom.c: can't open file 'i2c.h'
   3          
   4          #define EEPROM_ADDRESS 0xA0 // 7-bit I2C address of the EEPROM (adjust as needed)
   5          
   6          // Write data to EEPROM
   7          void EEPROM_write(unsigned char address, unsigned char data) {
*** ERROR C141 IN LINE 7 OF eeprom.c: syntax error near ')', expected '<id>'
*** ERROR C236 IN LINE 7 OF eeprom.c: '_EEPROM_write': different length of parameter lists
   8   1          I2C_Start();                     // Send start condition
   9   1          I2C_Write(EEPROM_ADDRESS);      // Send EEPROM address
  10   1          I2C_Write(address);             // Send data address in EEPROM
  11   1          I2C_Write(data);                // Send data to be written
  12   1          I2C_Stop();                      // Send stop condition
  13   1      }
  14          
  15          // Read data from EEPROM
  16          unsigned char EEPROM_read(unsigned char address) {
  17   1          unsigned char data;
  18   1          
  19   1          I2C_Start();                     // Send start condition
  20   1          I2C_Write(EEPROM_ADDRESS);      // Send EEPROM address
  21   1          I2C_Write(address);             // Send data address in EEPROM
  22   1          I2C_Start();                     // Restart condition
  23   1          I2C_Write(EEPROM_ADDRESS | 0x01); // Send EEPROM address for read
  24   1          data = I2C_Read();              // Read data from EEPROM
  25   1          I2C_Stop();                      // Send stop condition
  26   1      
  27   1          return data;                    // Return the read data
  28   1      }

C51 COMPILATION COMPLETE.  1 WARNING(S),  2 ERROR(S)
