C51 COMPILER V9.60.7.0   KEYPAD                                                            09/18/2024 12:40:49 PAGE 1   


C51 COMPILER V9.60.7.0, COMPILATION OF MODULE KEYPAD
OBJECT MODULE PLACED IN .\Objects\keypad.obj
COMPILER INVOKED BY: C:\Keil_v5\C51\BIN\C51.EXE keypad.c OPTIMIZE(8,SPEED) BROWSE DEBUG OBJECTEXTEND PRINT(.\Listings\ke
                    -ypad.lst) TABS(2) OBJECT(.\Objects\keypad.obj)

line level    source

   1          #include <reg51.h>
   2          #include "KEYPAD.h"
   3          
   4          #define keypad_data P1
   5          sbit row1 = P2^0;
   6          sbit row2 = P2^1;
   7          sbit row3 = P2^2;
   8          sbit row4 = P2^3;
   9          sbit col1 = P2^4;
  10          sbit col2 = P2^5;
  11          sbit col3 = P2^6;
  12          
  13          unsigned char keypad(void) {
  14   1          unsigned char row, col;
  15   1          keypad_data = 0x0F;
  16   1          while (1) {
  17   2              row1 = 0;
  18   2              if (keypad_data != 0x0F) {
  19   3                  if (keypad_data == 0x0E) row = 1;
  20   3                  if (keypad_data == 0x0D) row = 2;
  21   3                  if (keypad_data == 0x0B) row = 3;
  22   3                  if (keypad_data == 0x07) row = 4;
  23   3                  keypad_data = 0xF0;
  24   3                  col1 = 0;
  25   3                  if (keypad_data != 0xF0) {
  26   4                      if (keypad_data == 0xE0) col = 1;
  27   4                      if (keypad_data == 0xD0) col = 2;
  28   4                      if (keypad_data == 0xB0) col = 3;
  29   4                      if (keypad_data == 0x70) col = 4;
  30   4                      return (row - 1) * 4 + col;
  31   4                  }
  32   3              }
  33   2              col1 = 1;
  34   2              row1 = 1;
  35   2              col2 = 0;
  36   2              if (keypad_data != 0xF0) {
  37   3                  if (keypad_data == 0xE0) col = 1;
  38   3                  if (keypad_data == 0xD0) col = 2;
  39   3                  if (keypad_data == 0xB0) col = 3;
  40   3                  if (keypad_data == 0x70) col = 4;
  41   3                  return (row - 1) * 4 + col;
  42   3              }
  43   2              col2 = 1;
  44   2              col3 = 0;
  45   2              if (keypad_data != 0xF0) {
  46   3                  if (keypad_data == 0xE0) col = 1;
  47   3                  if (keypad_data == 0xD0) col = 2;
  48   3                  if (keypad_data == 0xB0) col = 3;
  49   3                  if (keypad_data == 0x70) col = 4;
  50   3                  return (row - 1) * 4 + col;
  51   3              }
  52   2              col3 = 1;
  53   2          }
  54   1      }
C51 COMPILER V9.60.7.0   KEYPAD                                                            09/18/2024 12:40:49 PAGE 2   



MODULE INFORMATION:   STATIC OVERLAYABLE
   CODE SIZE        =    174    ----
   CONSTANT SIZE    =   ----    ----
   XDATA SIZE       =   ----    ----
   PDATA SIZE       =   ----    ----
   DATA SIZE        =   ----    ----
   IDATA SIZE       =   ----    ----
   BIT SIZE         =   ----    ----
END OF MODULE INFORMATION.


C51 COMPILATION COMPLETE.  0 WARNING(S),  0 ERROR(S)
