C51 COMPILER V9.60.7.0   KEYPAD                                                            09/24/2024 11:43:33 PAGE 1   


C51 COMPILER V9.60.7.0, COMPILATION OF MODULE KEYPAD
OBJECT MODULE PLACED IN .\Objects\Keypad.obj
COMPILER INVOKED BY: C:\Keil_v5\C51\BIN\C51.EXE Keypad.c OPTIMIZE(8,SPEED) BROWSE DEBUG OBJECTEXTEND PRINT(.\Listings\Ke
                    -ypad.lst) TABS(2) OBJECT(.\Objects\Keypad.obj)

line level    source

   1          # include <reg52.h>
   2          # include "LCD.h"
   3          # include "Keypad.h"
   4          sbit C1=P1^3;
   5          sbit C2=P1^2;
   6          sbit C3=P1^1;
   7          sbit C4=P1^0;                                                              
   8          sbit R1=P1^7;
   9          sbit R2=P1^6;
  10          sbit R3=P1^5;
  11          sbit R4=P1^4;
  12          
  13          unsigned char counter=0;
  14          
  15          void Beep(unsigned int duration)         
  16          {
  17   1          unsigned char i,j,k;
  18   1        
  19   1        //To convert passive Buzzer into Active Buzzer we Generate Crystal frequency through coding.
  20   1        for(k=1;k<=duration;k++)    
  21   1        { 
  22   2          for(i=0;i<250;i++)            
  23   2        {
  24   3          R3=0;
  25   3          for(j=0;j<50;j++);
  26   3          R3=1;
  27   3          for(j=0;j<50;j++);
  28   3      
  29   3        }Delay(500);
  30   2        }
  31   1      }
  32          
  33          char Key_Pressed ()                 //detect  pressed button 
  34          {  
  35   1        while(1)     
  36   1        {
  37   2        R1=0; R2=1; R3=1; R4=1;           
  38   2             if(C1==0)                                        
  39   2             {  Delay(100);
  40   3               while(C1==0)
  41   3                 { Beep(1);  return '7';}
  42   3                 
  43   3             }  
  44   2              
  45   2             if(C2==0)                                      
  46   2             {     Delay(100);
  47   3                   while(C2==0)
  48   3                   { Beep(1);return '8';}  
  49   3             }       
  50   2              
  51   2             if(C3==0)
  52   2             {   Delay(100); while(C3==0)
  53   3                { Beep(1);return '9';}  
  54   3             }
C51 COMPILER V9.60.7.0   KEYPAD                                                            09/24/2024 11:43:33 PAGE 2   

  55   2             
  56   2             if(C4==0)
  57   2             {    Delay(100);
  58   3                while(C4==0)
  59   3                { Beep(1);return '/';} 
  60   3             
  61   3             }
  62   2         
  63   2        R1=1; R2=0; R3=1; R4=1;                           
  64   2             if(C1==0)                                    
  65   2             {   Delay(100);
  66   3                 while(C1==0)
  67   3                { Beep(1);
  68   4                return '4';} 
  69   3      
  70   3      
  71   3             } 
  72   2            
  73   2              if(C2==0)
  74   2             {  Delay(100);
  75   3                 while(C2==0)
  76   3                { Beep(1);
  77   4                return '5';} 
  78   3             }
  79   2              if(C3==0)
  80   2             {  Delay(100);
  81   3               while(C3==0)
  82   3                { Beep(1);
  83   4                return '6';} 
  84   3      
  85   3             }
  86   2              if(C4==0)
  87   2             {  Delay(100);
  88   3               while(C4==0)
  89   3                { Beep(1);return '*';}   }
  90   2             
  91   2        R1=1; R2=1; R3=0; R4=1;                               // Row 3,and check coloum
  92   2             if(C1==0)
  93   2             {  Delay(100);
  94   3               while(C1==0)
  95   3                { Beep(1);return '1';} 
  96   3      
  97   3             } 
  98   2              if(C2==0)
  99   2             {  Delay(100);
 100   3               while(C2==0)
 101   3                { Beep(1);return '2';} 
 102   3             }
 103   2              if(C3==0)
 104   2             {  Delay(100);
 105   3               while(C3==0)
 106   3                { Beep(1);return '3';}   
 107   3             }
 108   2              if(C4==0)
 109   2             {  Delay(100);
 110   3               while(C4==0)
 111   3                { Beep(1);return '-';}   }
 112   2             
 113   2             
 114   2        R1=1; R2=1; R3=1; R4=0;                               // Row 4,and check coloum
 115   2             if(C1==0)
 116   2             {   Delay(100);
C51 COMPILER V9.60.7.0   KEYPAD                                                            09/24/2024 11:43:33 PAGE 3   

 117   3               while (C1 == 0 && counter<10) 
 118   3               { Beep(1);  
 119   4                   counter++;  Timmer_Delay(160);
 120   4               }
 121   3               if(counter>=10)
 122   3                  {return 'c';}
 123   3                else
 124   3                  {return 'C';}
 125   3             } 
 126   2             
 127   2             
 128   2              if(C2==0)
 129   2             {  
 130   3               Delay(100);
 131   3               while(C2==0)
 132   3                { Beep(1);return '0';}  
 133   3             
 134   3             }  
 135   2              if(C3==0)
 136   2             {  Delay(100);
 137   3                while(C3==0)
 138   3                { Beep(1);return '=';}  
 139   3             }
 140   2              if(C4==0)
 141   2             {   Delay(100);
 142   3                 while(C4==0)
 143   3                { Beep(1);return '+';} 
 144   3             }
 145   2         
 146   2         R4=1;
 147   2             
 148   2           }   
 149   1      }
 150          
 151          
 152          
 153          
 154          


MODULE INFORMATION:   STATIC OVERLAYABLE
   CODE SIZE        =    422    ----
   CONSTANT SIZE    =   ----    ----
   XDATA SIZE       =   ----    ----
   PDATA SIZE       =   ----    ----
   DATA SIZE        =      1       3
   IDATA SIZE       =   ----    ----
   BIT SIZE         =   ----    ----
END OF MODULE INFORMATION.


C51 COMPILATION COMPLETE.  0 WARNING(S),  0 ERROR(S)
