C51 COMPILER V9.60.7.0   EEPROM                                                            09/24/2024 11:19:05 PAGE 1   


C51 COMPILER V9.60.7.0, COMPILATION OF MODULE EEPROM
OBJECT MODULE PLACED IN .\Objects\eeprom.obj
COMPILER INVOKED BY: C:\Keil_v5\C51\BIN\C51.EXE eeprom.c LARGE OPTIMIZE(8,SPEED) BROWSE DEBUG OBJECTEXTEND PRINT(.\Listi
                    -ngs\eeprom.lst) TABS(2) OBJECT(.\Objects\eeprom.obj)

line level    source

   1          #include <reg51.h>
   2          #include "eeprom.h"
   3          #include "LCD.h"
   4          #include "KEYPAD.h"
   5          #include "intrins.h"
   6          
   7          sbit SDA = P2^0;
   8          sbit SCL = P2^1;
   9          unsigned char a , b, Data;
  10          bit ack;
  11          
  12          void delay2 (unsigned int t)
  13          {
  14   1        unsigned int i ,j;
  15   1        for(i=0; i<=t; i++)
  16   1        for(j=0; j<=113; j++);
  17   1      }
  18          void start_data ()
  19          {
  20   1        SDA=1;
  21   1        _nop_();_nop_();        // HIGH TO LOW
  22   1        SCL=1;
  23   1        _nop_();_nop_();
  24   1        SDA=0;
  25   1        _nop_();_nop_();
  26   1      }
  27          void restart ()
  28          {
  29   1        SCL=0;
  30   1        SDA=1;
  31   1        SCL=1;
  32   1        SDA=0;
  33   1      
  34   1      }
  35          void stop_data ()
  36          {
  37   1        SCL=0;
  38   1        SDA=0;                //LOW TO HIGH
  39   1        SCL=1;
  40   1        SDA=1;
  41   1        
  42   1      }
  43          
  44          void acknowledge ()
  45          {
  46   1        SCL=0;
  47   1        SDA=1;
  48   1        SCL=1;
  49   1        while(SDA);
  50   1      }
  51          void no_acknowledge ()
  52          {
  53   1        SCL=0;
  54   1        SDA=1;
C51 COMPILER V9.60.7.0   EEPROM                                                            09/24/2024 11:19:05 PAGE 2   

  55   1        SCL=1;
  56   1      }
  57          void sendbyte (unsigned int value)
  58          {
  59   1        for(a=0; a<8; a++)
  60   1        {
  61   2          SCL=0;
  62   2          SDA=(value & (0x80>>a))?1:0;
  63   2          SCL=1;
  64   2        }
  65   1      }
  66          unsigned char readbyte ()
  67          {
  68   1        Data=0;
  69   1        for(b=0; b<8; b++)
  70   1        {
  71   2          SCL=0;
  72   2          SCL=1;
  73   2          if(SDA)
  74   2          {
  75   3            Data |=(0x80>>b);
  76   3          }
  77   2        }
  78   1        return Data;
  79   1        
  80   1      }
  81          void EEPROM_write (unsigned char address_w, unsigned char Data )
  82          {
  83   1        start_data ();
  84   1        sendbyte(0xA0);
  85   1        acknowledge ();
  86   1        sendbyte(address_w);
  87   1        acknowledge ();
  88   1        sendbyte(Data);
  89   1        acknowledge ();
  90   1        stop_data ();
  91   1        delay2(10);
  92   1      }
  93          
  94          unsigned char EEPROM_read (unsigned char address_r )
  95          {
  96   1        unsigned char Data;
  97   1          start_data ();
  98   1        sendbyte(0xA0);
  99   1        acknowledge ();
 100   1        sendbyte(address_r);
 101   1        acknowledge ();
 102   1        restart ();
 103   1        sendbyte(0xA1);
 104   1        acknowledge ();
 105   1        Data=readbyte ();
 106   1        no_acknowledge ();
 107   1        stop_data ();
 108   1        return Data;
 109   1      }
 110          
 111          
 112          
 113          
 114          
 115          
 116          
C51 COMPILER V9.60.7.0   EEPROM                                                            09/24/2024 11:19:05 PAGE 3   

 117          
 118          


MODULE INFORMATION:   STATIC OVERLAYABLE
   CODE SIZE        =    272    ----
   CONSTANT SIZE    =   ----    ----
   XDATA SIZE       =      3    ----
   PDATA SIZE       =   ----    ----
   DATA SIZE        =   ----    ----
   IDATA SIZE       =   ----    ----
   BIT SIZE         =      1    ----
END OF MODULE INFORMATION.


C51 COMPILATION COMPLETE.  0 WARNING(S),  0 ERROR(S)
